[0.007s] Invoking command in '/home/sd-robot/hql_test/hit_Qt/build/hit_menu': CMAKE_PREFIX_PATH=${CMAKE_PREFIX_PATH}:/opt/ros/humble /usr/bin/cmake --build /home/sd-robot/hql_test/hit_Qt/build/hit_menu -- -j24 -l24
[0.030s] [  7%] [34m[1mAutomatic MOC for target hit_menu[0m
[2.713s] [  7%] Built target hit_menu_autogen
[2.727s] [35m[1mConsolidate compiler generated dependencies of target hit_menu[0m
[2.762s] [ 15%] [32mBuilding CXX object CMakeFiles/hit_menu.dir/hit_menu_autogen/mocs_compilation.cpp.o[0m
[2.763s] [ 23%] [32mBuilding CXX object CMakeFiles/hit_menu.dir/src/cameraWidget.cpp.o[0m
[2.764s] [ 30%] [32mBuilding CXX object CMakeFiles/hit_menu.dir/src/main.cpp.o[0m
[2.765s] [ 38%] [32mBuilding CXX object CMakeFiles/hit_menu.dir/src/mainWidget.cpp.o[0m
[9.758s] [ 46%] [32m[1mLinking CXX executable hit_menu[0m
[10.279s] [100%] Built target hit_menu
[10.285s] Invoked command in '/home/sd-robot/hql_test/hit_Qt/build/hit_menu' returned '0': CMAKE_PREFIX_PATH=${CMAKE_PREFIX_PATH}:/opt/ros/humble /usr/bin/cmake --build /home/sd-robot/hql_test/hit_Qt/build/hit_menu -- -j24 -l24
[10.308s] Invoking command in '/home/sd-robot/hql_test/hit_Qt/build/hit_menu': CMAKE_PREFIX_PATH=${CMAKE_PREFIX_PATH}:/opt/ros/humble /usr/bin/cmake --install /home/sd-robot/hql_test/hit_Qt/build/hit_menu
[10.311s] -- Install configuration: "Release"
[10.311s] -- Installing: /home/sd-robot/hql_test/hit_Qt/install/hit_menu/lib/hit_menu/hit_menu
[10.313s] -- Set runtime path of "/home/sd-robot/hql_test/hit_Qt/install/hit_menu/lib/hit_menu/hit_menu" to ""
[10.313s] -- Installing: /home/sd-robot/hql_test/hit_Qt/install/hit_menu/src/
[10.313s] -- Installing: /home/sd-robot/hql_test/hit_Qt/install/hit_menu/src//style.css
[10.313s] -- Installing: /home/sd-robot/hql_test/hit_Qt/install/hit_menu/src//sysLogWidegt.cpp
[10.313s] -- Installing: /home/sd-robot/hql_test/hit_Qt/install/hit_menu/src//sysSettingWidget.cpp
[10.313s] -- Installing: /home/sd-robot/hql_test/hit_Qt/install/hit_menu/src//mainWidget.cpp
[10.313s] -- Installing: /home/sd-robot/hql_test/hit_Qt/install/hit_menu/src//sysSettingWidget.h
[10.313s] -- Installing: /home/sd-robot/hql_test/hit_Qt/install/hit_menu/src//point_cloud_subscriber.h
[10.313s] -- Installing: /home/sd-robot/hql_test/hit_Qt/install/hit_menu/src//point_cloud_subscriber.cpp
[10.313s] -- Installing: /home/sd-robot/hql_test/hit_Qt/install/hit_menu/src//resizableitem.h
[10.313s] -- Installing: /home/sd-robot/hql_test/hit_Qt/install/hit_menu/src//main.cpp
[10.313s] -- Installing: /home/sd-robot/hql_test/hit_Qt/install/hit_menu/src//lidarWidget.cpp
[10.314s] -- Installing: /home/sd-robot/hql_test/hit_Qt/install/hit_menu/src//cameraWidget.cpp
[10.314s] -- Installing: /home/sd-robot/hql_test/hit_Qt/install/hit_menu/src//sysLogWidegt.h
[10.314s] -- Installing: /home/sd-robot/hql_test/hit_Qt/install/hit_menu/src//mainWidget.h
[10.314s] -- Installing: /home/sd-robot/hql_test/hit_Qt/install/hit_menu/src//cameraWidget.h
[10.314s] -- Installing: /home/sd-robot/hql_test/hit_Qt/install/hit_menu/src//lidarWidget.h
[10.314s] -- Installing: /home/sd-robot/hql_test/hit_Qt/install/hit_menu/src//resizableitem.cpp
[10.314s] -- Installing: /home/sd-robot/hql_test/hit_Qt/install/hit_menu/share/ament_index/resource_index/package_run_dependencies/hit_menu
[10.314s] -- Installing: /home/sd-robot/hql_test/hit_Qt/install/hit_menu/share/ament_index/resource_index/parent_prefix_path/hit_menu
[10.314s] -- Installing: /home/sd-robot/hql_test/hit_Qt/install/hit_menu/share/hit_menu/environment/ament_prefix_path.sh
[10.314s] -- Installing: /home/sd-robot/hql_test/hit_Qt/install/hit_menu/share/hit_menu/environment/ament_prefix_path.dsv
[10.314s] -- Installing: /home/sd-robot/hql_test/hit_Qt/install/hit_menu/share/hit_menu/environment/path.sh
[10.314s] -- Installing: /home/sd-robot/hql_test/hit_Qt/install/hit_menu/share/hit_menu/environment/path.dsv
[10.314s] -- Installing: /home/sd-robot/hql_test/hit_Qt/install/hit_menu/share/hit_menu/local_setup.bash
[10.314s] -- Installing: /home/sd-robot/hql_test/hit_Qt/install/hit_menu/share/hit_menu/local_setup.sh
[10.314s] -- Installing: /home/sd-robot/hql_test/hit_Qt/install/hit_menu/share/hit_menu/local_setup.zsh
[10.314s] -- Installing: /home/sd-robot/hql_test/hit_Qt/install/hit_menu/share/hit_menu/local_setup.dsv
[10.314s] -- Installing: /home/sd-robot/hql_test/hit_Qt/install/hit_menu/share/hit_menu/package.dsv
[10.315s] -- Installing: /home/sd-robot/hql_test/hit_Qt/install/hit_menu/share/ament_index/resource_index/packages/hit_menu
[10.315s] -- Installing: /home/sd-robot/hql_test/hit_Qt/install/hit_menu/share/hit_menu/cmake/hit_menuConfig.cmake
[10.315s] -- Installing: /home/sd-robot/hql_test/hit_Qt/install/hit_menu/share/hit_menu/cmake/hit_menuConfig-version.cmake
[10.315s] -- Installing: /home/sd-robot/hql_test/hit_Qt/install/hit_menu/share/hit_menu/package.xml
[10.315s] Invoked command in '/home/sd-robot/hql_test/hit_Qt/build/hit_menu' returned '0': CMAKE_PREFIX_PATH=${CMAKE_PREFIX_PATH}:/opt/ros/humble /usr/bin/cmake --install /home/sd-robot/hql_test/hit_Qt/build/hit_menu
