[0.006s] Invoking command in '/home/sd-robot/hql_test/hit_Qt/build/hit_menu': CMAKE_PREFIX_PATH=${CMAKE_PREFIX_PATH}:/opt/ros/humble /usr/bin/cmake --build /home/sd-robot/hql_test/hit_Qt/build/hit_menu -- -j24 -l24
[0.029s] [  7%] [34m[1mAutomatic MOC for target hit_menu[0m
[2.746s] [  7%] Built target hit_menu_autogen
[2.760s] [35m[1mConsolidate compiler generated dependencies of target hit_menu[0m
[2.796s] [ 21%] [32mBuilding CXX object CMakeFiles/hit_menu.dir/hit_menu_autogen/mocs_compilation.cpp.o[0m
[2.796s] [ 21%] [32mBuilding CXX object CMakeFiles/hit_menu.dir/src/cameraWidget.cpp.o[0m
[2.797s] [ 28%] [32mBuilding CXX object CMakeFiles/hit_menu.dir/src/main.cpp.o[0m
[2.799s] [ 35%] [32mBuilding CXX object CMakeFiles/hit_menu.dir/src/mainWidget.cpp.o[0m
[9.788s] [ 42%] [32m[1mLinking CXX executable hit_menu[0m
[10.335s] [100%] Built target hit_menu
[10.341s] Invoked command in '/home/sd-robot/hql_test/hit_Qt/build/hit_menu' returned '0': CMAKE_PREFIX_PATH=${CMAKE_PREFIX_PATH}:/opt/ros/humble /usr/bin/cmake --build /home/sd-robot/hql_test/hit_Qt/build/hit_menu -- -j24 -l24
[10.366s] Invoking command in '/home/sd-robot/hql_test/hit_Qt/build/hit_menu': CMAKE_PREFIX_PATH=${CMAKE_PREFIX_PATH}:/opt/ros/humble /usr/bin/cmake --install /home/sd-robot/hql_test/hit_Qt/build/hit_menu
[10.369s] -- Install configuration: "Release"
[10.369s] -- Installing: /home/sd-robot/hql_test/hit_Qt/install/hit_menu/lib/hit_menu/hit_menu
[10.371s] -- Set runtime path of "/home/sd-robot/hql_test/hit_Qt/install/hit_menu/lib/hit_menu/hit_menu" to ""
[10.371s] -- Up-to-date: /home/sd-robot/hql_test/hit_Qt/install/hit_menu/src/
[10.371s] -- Up-to-date: /home/sd-robot/hql_test/hit_Qt/install/hit_menu/src//hitRosThread.cpp
[10.371s] -- Up-to-date: /home/sd-robot/hql_test/hit_Qt/install/hit_menu/src//style.css
[10.371s] -- Up-to-date: /home/sd-robot/hql_test/hit_Qt/install/hit_menu/src//sysLogWidegt.cpp
[10.371s] -- Up-to-date: /home/sd-robot/hql_test/hit_Qt/install/hit_menu/src//sysSettingWidget.cpp
[10.371s] -- Up-to-date: /home/sd-robot/hql_test/hit_Qt/install/hit_menu/src//mainWidget.cpp
[10.371s] -- Up-to-date: /home/sd-robot/hql_test/hit_Qt/install/hit_menu/src//sysSettingWidget.h
[10.371s] -- Up-to-date: /home/sd-robot/hql_test/hit_Qt/install/hit_menu/src//point_cloud_subscriber.h
[10.371s] -- Up-to-date: /home/sd-robot/hql_test/hit_Qt/install/hit_menu/src//hitRosThread.h
[10.371s] -- Up-to-date: /home/sd-robot/hql_test/hit_Qt/install/hit_menu/src//point_cloud_subscriber.cpp
[10.372s] -- Up-to-date: /home/sd-robot/hql_test/hit_Qt/install/hit_menu/src//resizableitem.h
[10.372s] -- Up-to-date: /home/sd-robot/hql_test/hit_Qt/install/hit_menu/src//main.cpp
[10.372s] -- Up-to-date: /home/sd-robot/hql_test/hit_Qt/install/hit_menu/src//lidarWidget.cpp
[10.372s] -- Installing: /home/sd-robot/hql_test/hit_Qt/install/hit_menu/src//cameraWidget.cpp
[10.372s] -- Up-to-date: /home/sd-robot/hql_test/hit_Qt/install/hit_menu/src//sysLogWidegt.h
[10.372s] -- Up-to-date: /home/sd-robot/hql_test/hit_Qt/install/hit_menu/src//mainWidget.h
[10.372s] -- Installing: /home/sd-robot/hql_test/hit_Qt/install/hit_menu/src//cameraWidget.h
[10.372s] -- Up-to-date: /home/sd-robot/hql_test/hit_Qt/install/hit_menu/src//lidarWidget.h
[10.373s] -- Up-to-date: /home/sd-robot/hql_test/hit_Qt/install/hit_menu/src//resizableitem.cpp
[10.373s] -- Up-to-date: /home/sd-robot/hql_test/hit_Qt/install/hit_menu/share/ament_index/resource_index/package_run_dependencies/hit_menu
[10.373s] -- Up-to-date: /home/sd-robot/hql_test/hit_Qt/install/hit_menu/share/ament_index/resource_index/parent_prefix_path/hit_menu
[10.373s] -- Up-to-date: /home/sd-robot/hql_test/hit_Qt/install/hit_menu/share/hit_menu/environment/ament_prefix_path.sh
[10.373s] -- Up-to-date: /home/sd-robot/hql_test/hit_Qt/install/hit_menu/share/hit_menu/environment/ament_prefix_path.dsv
[10.373s] -- Up-to-date: /home/sd-robot/hql_test/hit_Qt/install/hit_menu/share/hit_menu/environment/path.sh
[10.373s] -- Up-to-date: /home/sd-robot/hql_test/hit_Qt/install/hit_menu/share/hit_menu/environment/path.dsv
[10.374s] -- Up-to-date: /home/sd-robot/hql_test/hit_Qt/install/hit_menu/share/hit_menu/local_setup.bash
[10.374s] -- Up-to-date: /home/sd-robot/hql_test/hit_Qt/install/hit_menu/share/hit_menu/local_setup.sh
[10.374s] -- Up-to-date: /home/sd-robot/hql_test/hit_Qt/install/hit_menu/share/hit_menu/local_setup.zsh
[10.374s] -- Up-to-date: /home/sd-robot/hql_test/hit_Qt/install/hit_menu/share/hit_menu/local_setup.dsv
[10.374s] -- Installing: /home/sd-robot/hql_test/hit_Qt/install/hit_menu/share/hit_menu/package.dsv
[10.374s] -- Up-to-date: /home/sd-robot/hql_test/hit_Qt/install/hit_menu/share/ament_index/resource_index/packages/hit_menu
[10.374s] -- Up-to-date: /home/sd-robot/hql_test/hit_Qt/install/hit_menu/share/hit_menu/cmake/hit_menuConfig.cmake
[10.374s] -- Up-to-date: /home/sd-robot/hql_test/hit_Qt/install/hit_menu/share/hit_menu/cmake/hit_menuConfig-version.cmake
[10.374s] -- Up-to-date: /home/sd-robot/hql_test/hit_Qt/install/hit_menu/share/hit_menu/package.xml
[10.374s] Invoked command in '/home/sd-robot/hql_test/hit_Qt/build/hit_menu' returned '0': CMAKE_PREFIX_PATH=${CMAKE_PREFIX_PATH}:/opt/ros/humble /usr/bin/cmake --install /home/sd-robot/hql_test/hit_Qt/build/hit_menu
