[0m** WARNING ** io features related to pcap will be disabled[0m
[0m** WARNING ** io features related to png will be disabled[0m
In file included from [01m[K/home/sd-robot/hql_test/hit_Qt/build/hit_menu/hit_menu_autogen/UVLADIE3JM/moc_cameraWidget.cpp:10[m[K,
                 from [01m[K/home/sd-robot/hql_test/hit_Qt/build/hit_menu/hit_menu_autogen/mocs_compilation.cpp:2[m[K:
[01m[K/home/sd-robot/hql_test/hit_Qt/build/hit_menu/hit_menu_autogen/UVLADIE3JM/../../../../src/hit_Qt/src/cameraWidget.h:17:10:[m[K [01;31m[Kfatal error: [m[KhitRosThread.h: No such file or directory
   17 | #include [01;31m[K"hitRosThread.h"[m[K
      |          [01;31m[K^~~~~~~~~~~~~~~~[m[K
compilation terminated.
In file included from [01m[K/home/sd-robot/hql_test/hit_Qt/src/hit_Qt/src/cameraWidget.cpp:1[m[K:
[01m[K/home/sd-robot/hql_test/hit_Qt/src/hit_Qt/src/cameraWidget.h:17:10:[m[K [01;31m[Kfatal error: [m[KhitRosThread.h: No such file or directory
   17 | #include [01;31m[K"hitRosThread.h"[m[K
      |          [01;31m[K^~~~~~~~~~~~~~~~[m[K
compilation terminated.
In file included from [01m[K/home/sd-robot/hql_test/hit_Qt/src/hit_Qt/src/mainWidget.h:4[m[K,
                 from [01m[K/home/sd-robot/hql_test/hit_Qt/src/hit_Qt/src/mainWidget.cpp:1[m[K:
[01m[K/home/sd-robot/hql_test/hit_Qt/src/hit_Qt/src/cameraWidget.h:17:10:[m[K [01;31m[Kfatal error: [m[KhitRosThread.h: No such file or directory
   17 | #include [01;31m[K"hitRosThread.h"[m[K
      |          [01;31m[K^~~~~~~~~~~~~~~~[m[K
compilation terminated.
gmake[2]: *** [CMakeFiles/hit_menu.dir/build.make:97: CMakeFiles/hit_menu.dir/src/cameraWidget.cpp.o] Error 1
gmake[2]: *** Waiting for unfinished jobs....
gmake[2]: *** [CMakeFiles/hit_menu.dir/build.make:83: CMakeFiles/hit_menu.dir/hit_menu_autogen/mocs_compilation.cpp.o] Error 1
In file included from [01m[K/home/sd-robot/hql_test/hit_Qt/src/hit_Qt/src/mainWidget.h:4[m[K,
                 from [01m[K/home/sd-robot/hql_test/hit_Qt/src/hit_Qt/src/main.cpp:1[m[K:
[01m[K/home/sd-robot/hql_test/hit_Qt/src/hit_Qt/src/cameraWidget.h:17:10:[m[K [01;31m[Kfatal error: [m[KhitRosThread.h: No such file or directory
   17 | #include [01;31m[K"hitRosThread.h"[m[K
      |          [01;31m[K^~~~~~~~~~~~~~~~[m[K
compilation terminated.
gmake[2]: *** [CMakeFiles/hit_menu.dir/build.make:139: CMakeFiles/hit_menu.dir/src/mainWidget.cpp.o] Error 1
gmake[2]: *** [CMakeFiles/hit_menu.dir/build.make:125: CMakeFiles/hit_menu.dir/src/main.cpp.o] Error 1
gmake[1]: *** [CMakeFiles/Makefile2:138: CMakeFiles/hit_menu.dir/all] Error 2
gmake: *** [Makefile:146: all] Error 2
