[0.008s] Invoking command in '/home/sd-robot/hql_test/hit_Qt/build/hit_menu': CMAKE_PREFIX_PATH=${CMAKE_PREFIX_PATH}:/opt/ros/humble /usr/bin/cmake --build /home/sd-robot/hql_test/hit_Qt/build/hit_menu -- -j24 -l24
[0.037s] [  7%] [34m[1mAutomatic MOC for target hit_menu[0m
[0.055s] [  7%] Built target hit_menu_autogen
[0.071s] [35m[1mConsolidate compiler generated dependencies of target hit_menu[0m
[0.112s] [ 14%] [32mBuilding CXX object CMakeFiles/hit_menu.dir/src/mainWidget.cpp.o[0m
[7.066s] [ 21%] [32m[1mLinking CXX executable hit_menu[0m
[7.844s] [100%] Built target hit_menu
[7.851s] Invoked command in '/home/sd-robot/hql_test/hit_Qt/build/hit_menu' returned '0': CMAKE_PREFIX_PATH=${CMAKE_PREFIX_PATH}:/opt/ros/humble /usr/bin/cmake --build /home/sd-robot/hql_test/hit_Qt/build/hit_menu -- -j24 -l24
[7.879s] Invoking command in '/home/sd-robot/hql_test/hit_Qt/build/hit_menu': CMAKE_PREFIX_PATH=${CMAKE_PREFIX_PATH}:/opt/ros/humble /usr/bin/cmake --install /home/sd-robot/hql_test/hit_Qt/build/hit_menu
[7.883s] -- Install configuration: "Release"
[7.883s] -- Installing: /home/sd-robot/hql_test/hit_Qt/install/hit_menu/lib/hit_menu/hit_menu
[7.885s] -- Set runtime path of "/home/sd-robot/hql_test/hit_Qt/install/hit_menu/lib/hit_menu/hit_menu" to ""
[7.885s] -- Up-to-date: /home/sd-robot/hql_test/hit_Qt/install/hit_menu/src/
[7.885s] -- Up-to-date: /home/sd-robot/hql_test/hit_Qt/install/hit_menu/src//hitRosThread.cpp
[7.885s] -- Up-to-date: /home/sd-robot/hql_test/hit_Qt/install/hit_menu/src//style.css
[7.885s] -- Up-to-date: /home/sd-robot/hql_test/hit_Qt/install/hit_menu/src//sysLogWidegt.cpp
[7.885s] -- Up-to-date: /home/sd-robot/hql_test/hit_Qt/install/hit_menu/src//sysSettingWidget.cpp
[7.885s] -- Installing: /home/sd-robot/hql_test/hit_Qt/install/hit_menu/src//mainWidget.cpp
[7.885s] -- Up-to-date: /home/sd-robot/hql_test/hit_Qt/install/hit_menu/src//sysSettingWidget.h
[7.885s] -- Up-to-date: /home/sd-robot/hql_test/hit_Qt/install/hit_menu/src//point_cloud_subscriber.h
[7.885s] -- Up-to-date: /home/sd-robot/hql_test/hit_Qt/install/hit_menu/src//hitRosThread.h
[7.885s] -- Up-to-date: /home/sd-robot/hql_test/hit_Qt/install/hit_menu/src//point_cloud_subscriber.cpp
[7.885s] -- Up-to-date: /home/sd-robot/hql_test/hit_Qt/install/hit_menu/src//resizableitem.h
[7.885s] -- Up-to-date: /home/sd-robot/hql_test/hit_Qt/install/hit_menu/src//main.cpp
[7.886s] -- Up-to-date: /home/sd-robot/hql_test/hit_Qt/install/hit_menu/src//lidarWidget.cpp
[7.886s] -- Up-to-date: /home/sd-robot/hql_test/hit_Qt/install/hit_menu/src//cameraWidget.cpp
[7.886s] -- Up-to-date: /home/sd-robot/hql_test/hit_Qt/install/hit_menu/src//sysLogWidegt.h
[7.886s] -- Up-to-date: /home/sd-robot/hql_test/hit_Qt/install/hit_menu/src//mainWidget.h
[7.886s] -- Up-to-date: /home/sd-robot/hql_test/hit_Qt/install/hit_menu/src//cameraWidget.h
[7.886s] -- Up-to-date: /home/sd-robot/hql_test/hit_Qt/install/hit_menu/src//lidarWidget.h
[7.886s] -- Up-to-date: /home/sd-robot/hql_test/hit_Qt/install/hit_menu/src//resizableitem.cpp
[7.886s] -- Up-to-date: /home/sd-robot/hql_test/hit_Qt/install/hit_menu/share/ament_index/resource_index/package_run_dependencies/hit_menu
[7.886s] -- Up-to-date: /home/sd-robot/hql_test/hit_Qt/install/hit_menu/share/ament_index/resource_index/parent_prefix_path/hit_menu
[7.886s] -- Up-to-date: /home/sd-robot/hql_test/hit_Qt/install/hit_menu/share/hit_menu/environment/ament_prefix_path.sh
[7.886s] -- Up-to-date: /home/sd-robot/hql_test/hit_Qt/install/hit_menu/share/hit_menu/environment/ament_prefix_path.dsv
[7.886s] -- Up-to-date: /home/sd-robot/hql_test/hit_Qt/install/hit_menu/share/hit_menu/environment/path.sh
[7.886s] -- Up-to-date: /home/sd-robot/hql_test/hit_Qt/install/hit_menu/share/hit_menu/environment/path.dsv
[7.886s] -- Up-to-date: /home/sd-robot/hql_test/hit_Qt/install/hit_menu/share/hit_menu/local_setup.bash
[7.886s] -- Up-to-date: /home/sd-robot/hql_test/hit_Qt/install/hit_menu/share/hit_menu/local_setup.sh
[7.886s] -- Up-to-date: /home/sd-robot/hql_test/hit_Qt/install/hit_menu/share/hit_menu/local_setup.zsh
[7.886s] -- Up-to-date: /home/sd-robot/hql_test/hit_Qt/install/hit_menu/share/hit_menu/local_setup.dsv
[7.886s] -- Installing: /home/sd-robot/hql_test/hit_Qt/install/hit_menu/share/hit_menu/package.dsv
[7.886s] -- Up-to-date: /home/sd-robot/hql_test/hit_Qt/install/hit_menu/share/ament_index/resource_index/packages/hit_menu
[7.886s] -- Up-to-date: /home/sd-robot/hql_test/hit_Qt/install/hit_menu/share/hit_menu/cmake/hit_menuConfig.cmake
[7.886s] -- Up-to-date: /home/sd-robot/hql_test/hit_Qt/install/hit_menu/share/hit_menu/cmake/hit_menuConfig-version.cmake
[7.886s] -- Up-to-date: /home/sd-robot/hql_test/hit_Qt/install/hit_menu/share/hit_menu/package.xml
[7.887s] Invoked command in '/home/sd-robot/hql_test/hit_Qt/build/hit_menu' returned '0': CMAKE_PREFIX_PATH=${CMAKE_PREFIX_PATH}:/opt/ros/humble /usr/bin/cmake --install /home/sd-robot/hql_test/hit_Qt/build/hit_menu
