[0.054s] DEBUG:colcon:Command line arguments: ['/usr/bin/colcon', 'build']
[0.054s] DEBUG:colcon:Parsed command line arguments: Namespace(log_base=None, log_level=None, verb_name='build', build_base='build', install_base='install', merge_install=False, symlink_install=False, test_result_base=None, continue_on_error=False, executor='parallel', parallel_workers=24, event_handlers=None, ignore_user_meta=False, metas=['./colcon.meta'], base_paths=['.'], packages_ignore=None, packages_ignore_regex=None, paths=None, packages_up_to=None, packages_up_to_regex=None, packages_above=None, packages_above_and_dependencies=None, packages_above_depth=None, packages_select_by_dep=None, packages_skip_by_dep=None, packages_skip_up_to=None, packages_select_build_failed=False, packages_skip_build_finished=False, packages_select_test_failures=False, packages_skip_test_passed=False, packages_select=None, packages_skip=None, packages_select_regex=None, packages_skip_regex=None, packages_start=None, packages_end=None, allow_overriding=[], cmake_args=None, cmake_target=None, cmake_target_skip_unavailable=False, cmake_clean_cache=False, cmake_clean_first=False, cmake_force_configure=False, ament_cmake_args=None, catkin_cmake_args=None, catkin_skip_building_tests=False, verb_parser=<colcon_defaults.argument_parser.defaults.DefaultArgumentsDecorator object at 0x7f4a5d297910>, verb_extension=<colcon_core.verb.build.BuildVerb object at 0x7f4a5d40cb20>, main=<bound method BuildVerb.main of <colcon_core.verb.build.BuildVerb object at 0x7f4a5d40cb20>>)
[0.074s] Level 1:colcon.colcon_core.package_discovery:discover_packages(colcon_meta) check parameters
[0.074s] Level 1:colcon.colcon_core.package_discovery:discover_packages(recursive) check parameters
[0.074s] Level 1:colcon.colcon_core.package_discovery:discover_packages(ignore) check parameters
[0.074s] Level 1:colcon.colcon_core.package_discovery:discover_packages(path) check parameters
[0.074s] Level 1:colcon.colcon_core.package_discovery:discover_packages(colcon_meta) discover
[0.074s] Level 1:colcon.colcon_core.package_discovery:discover_packages(recursive) discover
[0.074s] INFO:colcon.colcon_core.package_discovery:Crawling recursively for packages in '/home/sd-robot/hql_test/hit_Qt'
[0.074s] Level 1:colcon.colcon_core.package_identification:_identify(.) by extensions ['ignore', 'ignore_ament_install']
[0.074s] Level 1:colcon.colcon_core.package_identification:_identify(.) by extension 'ignore'
[0.074s] Level 1:colcon.colcon_core.package_identification:_identify(.) by extension 'ignore_ament_install'
[0.074s] Level 1:colcon.colcon_core.package_identification:_identify(.) by extensions ['colcon_pkg']
[0.074s] Level 1:colcon.colcon_core.package_identification:_identify(.) by extension 'colcon_pkg'
[0.074s] Level 1:colcon.colcon_core.package_identification:_identify(.) by extensions ['colcon_meta']
[0.074s] Level 1:colcon.colcon_core.package_identification:_identify(.) by extension 'colcon_meta'
[0.074s] Level 1:colcon.colcon_core.package_identification:_identify(.) by extensions ['ros']
[0.074s] Level 1:colcon.colcon_core.package_identification:_identify(.) by extension 'ros'
[0.082s] Level 1:colcon.colcon_core.package_identification:_identify(.) by extensions ['cmake', 'python']
[0.082s] Level 1:colcon.colcon_core.package_identification:_identify(.) by extension 'cmake'
[0.082s] Level 1:colcon.colcon_core.package_identification:_identify(.) by extension 'python'
[0.082s] Level 1:colcon.colcon_core.package_identification:_identify(.) by extensions ['python_setup_py']
[0.082s] Level 1:colcon.colcon_core.package_identification:_identify(.) by extension 'python_setup_py'
[0.082s] Level 1:colcon.colcon_core.package_identification:_identify(build) by extensions ['ignore', 'ignore_ament_install']
[0.082s] Level 1:colcon.colcon_core.package_identification:_identify(build) by extension 'ignore'
[0.082s] Level 1:colcon.colcon_core.package_identification:_identify(build) ignored
[0.082s] Level 1:colcon.colcon_core.package_identification:_identify(install) by extensions ['ignore', 'ignore_ament_install']
[0.082s] Level 1:colcon.colcon_core.package_identification:_identify(install) by extension 'ignore'
[0.082s] Level 1:colcon.colcon_core.package_identification:_identify(install) ignored
[0.082s] Level 1:colcon.colcon_core.package_identification:_identify(log) by extensions ['ignore', 'ignore_ament_install']
[0.082s] Level 1:colcon.colcon_core.package_identification:_identify(log) by extension 'ignore'
[0.082s] Level 1:colcon.colcon_core.package_identification:_identify(log) ignored
[0.082s] Level 1:colcon.colcon_core.package_identification:_identify(src) by extensions ['ignore', 'ignore_ament_install']
[0.082s] Level 1:colcon.colcon_core.package_identification:_identify(src) by extension 'ignore'
[0.082s] Level 1:colcon.colcon_core.package_identification:_identify(src) by extension 'ignore_ament_install'
[0.082s] Level 1:colcon.colcon_core.package_identification:_identify(src) by extensions ['colcon_pkg']
[0.082s] Level 1:colcon.colcon_core.package_identification:_identify(src) by extension 'colcon_pkg'
[0.082s] Level 1:colcon.colcon_core.package_identification:_identify(src) by extensions ['colcon_meta']
[0.082s] Level 1:colcon.colcon_core.package_identification:_identify(src) by extension 'colcon_meta'
[0.082s] Level 1:colcon.colcon_core.package_identification:_identify(src) by extensions ['ros']
[0.082s] Level 1:colcon.colcon_core.package_identification:_identify(src) by extension 'ros'
[0.082s] Level 1:colcon.colcon_core.package_identification:_identify(src) by extensions ['cmake', 'python']
[0.082s] Level 1:colcon.colcon_core.package_identification:_identify(src) by extension 'cmake'
[0.082s] Level 1:colcon.colcon_core.package_identification:_identify(src) by extension 'python'
[0.082s] Level 1:colcon.colcon_core.package_identification:_identify(src) by extensions ['python_setup_py']
[0.082s] Level 1:colcon.colcon_core.package_identification:_identify(src) by extension 'python_setup_py'
[0.082s] Level 1:colcon.colcon_core.package_identification:_identify(src/hit_Qt) by extensions ['ignore', 'ignore_ament_install']
[0.082s] Level 1:colcon.colcon_core.package_identification:_identify(src/hit_Qt) by extension 'ignore'
[0.082s] Level 1:colcon.colcon_core.package_identification:_identify(src/hit_Qt) by extension 'ignore_ament_install'
[0.082s] Level 1:colcon.colcon_core.package_identification:_identify(src/hit_Qt) by extensions ['colcon_pkg']
[0.082s] Level 1:colcon.colcon_core.package_identification:_identify(src/hit_Qt) by extension 'colcon_pkg'
[0.082s] Level 1:colcon.colcon_core.package_identification:_identify(src/hit_Qt) by extensions ['colcon_meta']
[0.083s] Level 1:colcon.colcon_core.package_identification:_identify(src/hit_Qt) by extension 'colcon_meta'
[0.083s] Level 1:colcon.colcon_core.package_identification:_identify(src/hit_Qt) by extensions ['ros']
[0.083s] Level 1:colcon.colcon_core.package_identification:_identify(src/hit_Qt) by extension 'ros'
[0.084s] DEBUG:colcon.colcon_core.package_identification:Package 'src/hit_Qt' with type 'ros.ament_cmake' and name 'hit_menu'
[0.084s] Level 1:colcon.colcon_core.package_discovery:discover_packages(recursive) using defaults
[0.084s] Level 1:colcon.colcon_core.package_discovery:discover_packages(ignore) discover
[0.084s] Level 1:colcon.colcon_core.package_discovery:discover_packages(ignore) using defaults
[0.084s] Level 1:colcon.colcon_core.package_discovery:discover_packages(path) discover
[0.084s] Level 1:colcon.colcon_core.package_discovery:discover_packages(path) using defaults
[0.095s] Level 1:colcon.colcon_core.package_discovery:discover_packages(prefix_path) check parameters
[0.095s] Level 1:colcon.colcon_core.package_discovery:discover_packages(prefix_path) discover
[0.096s] DEBUG:colcon.colcon_installed_package_information.package_discovery:Found 1 installed packages in /home/sd-robot/hql_test/hit_Qt/install
[0.096s] DEBUG:colcon.colcon_installed_package_information.package_discovery:Found 6 installed packages in /home/sd-robot/Hugin_ws_yhw/ros2_ws/install
[0.096s] DEBUG:colcon.colcon_installed_package_information.package_discovery:Found 10 installed packages in /home/sd-robot/Radar_ws/install
[0.097s] DEBUG:colcon.colcon_installed_package_information.package_discovery:Found 283 installed packages in /opt/ros/humble
[0.098s] Level 1:colcon.colcon_core.package_discovery:discover_packages(prefix_path) using defaults
[0.115s] Level 5:colcon.colcon_core.verb:set package 'hit_menu' build argument 'cmake_args' from command line to 'None'
[0.115s] Level 5:colcon.colcon_core.verb:set package 'hit_menu' build argument 'cmake_target' from command line to 'None'
[0.115s] Level 5:colcon.colcon_core.verb:set package 'hit_menu' build argument 'cmake_target_skip_unavailable' from command line to 'False'
[0.115s] Level 5:colcon.colcon_core.verb:set package 'hit_menu' build argument 'cmake_clean_cache' from command line to 'False'
[0.115s] Level 5:colcon.colcon_core.verb:set package 'hit_menu' build argument 'cmake_clean_first' from command line to 'False'
[0.115s] Level 5:colcon.colcon_core.verb:set package 'hit_menu' build argument 'cmake_force_configure' from command line to 'False'
[0.115s] Level 5:colcon.colcon_core.verb:set package 'hit_menu' build argument 'ament_cmake_args' from command line to 'None'
[0.115s] Level 5:colcon.colcon_core.verb:set package 'hit_menu' build argument 'catkin_cmake_args' from command line to 'None'
[0.115s] Level 5:colcon.colcon_core.verb:set package 'hit_menu' build argument 'catkin_skip_building_tests' from command line to 'False'
[0.115s] DEBUG:colcon.colcon_core.verb:Building package 'hit_menu' with the following arguments: {'ament_cmake_args': None, 'build_base': '/home/sd-robot/hql_test/hit_Qt/build/hit_menu', 'catkin_cmake_args': None, 'catkin_skip_building_tests': False, 'cmake_args': None, 'cmake_clean_cache': False, 'cmake_clean_first': False, 'cmake_force_configure': False, 'cmake_target': None, 'cmake_target_skip_unavailable': False, 'install_base': '/home/sd-robot/hql_test/hit_Qt/install/hit_menu', 'merge_install': False, 'path': '/home/sd-robot/hql_test/hit_Qt/src/hit_Qt', 'symlink_install': False, 'test_result_base': None}
[0.115s] INFO:colcon.colcon_core.executor:Executing jobs using 'parallel' executor
[0.116s] DEBUG:colcon.colcon_parallel_executor.executor.parallel:run_until_complete
[0.116s] INFO:colcon.colcon_ros.task.ament_cmake.build:Building ROS package in '/home/sd-robot/hql_test/hit_Qt/src/hit_Qt' with build type 'ament_cmake'
[0.116s] INFO:colcon.colcon_cmake.task.cmake.build:Building CMake package in '/home/sd-robot/hql_test/hit_Qt/src/hit_Qt'
[0.117s] INFO:colcon.colcon_core.plugin_system:Skipping extension 'colcon_core.shell.bat': Not used on non-Windows systems
[0.117s] INFO:colcon.colcon_core.shell:Skip shell extension 'powershell' for command environment: Not usable outside of PowerShell
[0.117s] DEBUG:colcon.colcon_core.shell:Skip shell extension 'dsv' for command environment
[0.122s] DEBUG:colcon.colcon_core.event_handler.log_command:Invoking command in '/home/sd-robot/hql_test/hit_Qt/build/hit_menu': CMAKE_PREFIX_PATH=${CMAKE_PREFIX_PATH}:/opt/ros/humble /usr/bin/cmake --build /home/sd-robot/hql_test/hit_Qt/build/hit_menu -- -j24 -l24
[2.715s] DEBUG:colcon.colcon_core.event_handler.log_command:Invoked command in '/home/sd-robot/hql_test/hit_Qt/build/hit_menu' returned '2': CMAKE_PREFIX_PATH=${CMAKE_PREFIX_PATH}:/opt/ros/humble /usr/bin/cmake --build /home/sd-robot/hql_test/hit_Qt/build/hit_menu -- -j24 -l24
[2.739s] Level 1:colcon.colcon_core.environment:create_environment_scripts_only(hit_menu)
[2.740s] Level 1:colcon.colcon_core.environment:checking '/home/sd-robot/hql_test/hit_Qt/install/hit_menu' for CMake module files
[2.741s] Level 1:colcon.colcon_core.environment:checking '/home/sd-robot/hql_test/hit_Qt/install/hit_menu' for CMake config files
[2.741s] Level 1:colcon.colcon_core.shell:create_environment_hook('hit_menu', 'cmake_prefix_path')
[2.741s] INFO:colcon.colcon_core.shell:Creating environment hook '/home/sd-robot/hql_test/hit_Qt/install/hit_menu/share/hit_menu/hook/cmake_prefix_path.ps1'
[2.741s] INFO:colcon.colcon_core.shell:Creating environment descriptor '/home/sd-robot/hql_test/hit_Qt/install/hit_menu/share/hit_menu/hook/cmake_prefix_path.dsv'
[2.741s] INFO:colcon.colcon_core.shell:Creating environment hook '/home/sd-robot/hql_test/hit_Qt/install/hit_menu/share/hit_menu/hook/cmake_prefix_path.sh'
[2.742s] Level 1:colcon.colcon_core.environment:checking '/home/sd-robot/hql_test/hit_Qt/install/hit_menu/lib'
[2.742s] Level 1:colcon.colcon_core.environment:checking '/home/sd-robot/hql_test/hit_Qt/install/hit_menu/bin'
[2.742s] Level 1:colcon.colcon_core.environment:checking '/home/sd-robot/hql_test/hit_Qt/install/hit_menu/lib/pkgconfig/hit_menu.pc'
[2.742s] Level 1:colcon.colcon_core.environment:checking '/home/sd-robot/hql_test/hit_Qt/install/hit_menu/lib/python3.10/site-packages'
[2.742s] Level 1:colcon.colcon_core.environment:checking '/home/sd-robot/hql_test/hit_Qt/install/hit_menu/bin'
[2.742s] INFO:colcon.colcon_core.shell:Creating package script '/home/sd-robot/hql_test/hit_Qt/install/hit_menu/share/hit_menu/package.ps1'
[2.743s] INFO:colcon.colcon_core.shell:Creating package descriptor '/home/sd-robot/hql_test/hit_Qt/install/hit_menu/share/hit_menu/package.dsv'
[2.743s] INFO:colcon.colcon_core.shell:Creating package script '/home/sd-robot/hql_test/hit_Qt/install/hit_menu/share/hit_menu/package.sh'
[2.743s] INFO:colcon.colcon_core.shell:Creating package script '/home/sd-robot/hql_test/hit_Qt/install/hit_menu/share/hit_menu/package.bash'
[2.744s] INFO:colcon.colcon_core.shell:Creating package script '/home/sd-robot/hql_test/hit_Qt/install/hit_menu/share/hit_menu/package.zsh'
[2.744s] Level 1:colcon.colcon_core.environment:create_file_with_runtime_dependencies(/home/sd-robot/hql_test/hit_Qt/install/hit_menu/share/colcon-core/packages/hit_menu)
[2.754s] DEBUG:colcon.colcon_parallel_executor.executor.parallel:closing loop
[2.754s] DEBUG:colcon.colcon_parallel_executor.executor.parallel:loop closed
[2.754s] DEBUG:colcon.colcon_parallel_executor.executor.parallel:run_until_complete finished with '2'
[2.754s] DEBUG:colcon.colcon_core.event_reactor:joining thread
[2.758s] INFO:colcon.colcon_core.plugin_system:Skipping extension 'colcon_notification.desktop_notification.terminal_notifier': Not used on non-Darwin systems
[2.758s] INFO:colcon.colcon_core.plugin_system:Skipping extension 'colcon_notification.desktop_notification.win32': Not used on non-Windows systems
[2.758s] INFO:colcon.colcon_notification.desktop_notification:Sending desktop notification using 'notify2'
[2.773s] DEBUG:colcon.colcon_core.event_reactor:joined thread
[2.774s] INFO:colcon.colcon_core.shell:Creating prefix script '/home/sd-robot/hql_test/hit_Qt/install/local_setup.ps1'
[2.774s] INFO:colcon.colcon_core.shell:Creating prefix util module '/home/sd-robot/hql_test/hit_Qt/install/_local_setup_util_ps1.py'
[2.774s] INFO:colcon.colcon_core.shell:Creating prefix chain script '/home/sd-robot/hql_test/hit_Qt/install/setup.ps1'
[2.775s] INFO:colcon.colcon_core.shell:Creating prefix script '/home/sd-robot/hql_test/hit_Qt/install/local_setup.sh'
[2.775s] INFO:colcon.colcon_core.shell:Creating prefix util module '/home/sd-robot/hql_test/hit_Qt/install/_local_setup_util_sh.py'
[2.775s] INFO:colcon.colcon_core.shell:Creating prefix chain script '/home/sd-robot/hql_test/hit_Qt/install/setup.sh'
[2.776s] INFO:colcon.colcon_core.shell:Creating prefix script '/home/sd-robot/hql_test/hit_Qt/install/local_setup.bash'
[2.776s] INFO:colcon.colcon_core.shell:Creating prefix chain script '/home/sd-robot/hql_test/hit_Qt/install/setup.bash'
[2.777s] INFO:colcon.colcon_core.shell:Creating prefix script '/home/sd-robot/hql_test/hit_Qt/install/local_setup.zsh'
[2.777s] INFO:colcon.colcon_core.shell:Creating prefix chain script '/home/sd-robot/hql_test/hit_Qt/install/setup.zsh'
